Build started 23.06.2017 21:18:16.
     1>Project "c:\Users\Rita\documents\visual studio 2013\Projects\trzecie_trzy\trzecie_trzy\trzecie_trzy.vcxproj" on node 2 (Build target(s)).
     1>AddCudaCompileDeps:
         C:\Program Files (x86)\Microsoft Visual Studio 12.0\VC\bin\cl.exe /E /nologo /showIncludes /TP /D__CUDACC__ /DWIN32 /D_DEBUG /D_CONSOLE /D_MBCS /I"C:\Program Files\NVIDIA GPU Computing Toolkit\CUDA\v8.0\include" /I"C:\Program Files\NVIDIA GPU Computing Toolkit\CUDA\v8.0\bin" /I"C:\Program Files\NVIDIA GPU Computing Toolkit\CUDA\v8.0\include" /I. /FIcuda_runtime.h /c "c:\Users\Rita\documents\visual studio 2013\Projects\trzecie_trzy\trzecie_trzy\kernel.cu" 
     1>Project "c:\Users\Rita\documents\visual studio 2013\Projects\trzecie_trzy\trzecie_trzy\trzecie_trzy.vcxproj" (1) is building "c:\Users\Rita\documents\visual studio 2013\Projects\trzecie_trzy\trzecie_trzy\trzecie_trzy.vcxproj" (1:2) on node 2 (CudaBuildCore target(s)).
     1>CudaBuildCore:
         Compiling CUDA source file kernel.cu...
         cmd.exe /C "C:\Users\Rita\AppData\Local\Temp\tmp04903346a9c64d1687f008364d055115.cmd"
         "C:\Program Files\NVIDIA GPU Computing Toolkit\CUDA\v8.0\bin\nvcc.exe" -gencode=arch=compute_20,code=\"sm_20,compute_20\" --use-local-env --cl-version 2013 -ccbin "C:\Program Files (x86)\Microsoft Visual Studio 12.0\VC\bin"  -I"C:\Program Files\NVIDIA GPU Computing Toolkit\CUDA\v8.0\include" -I"C:\Program Files\NVIDIA GPU Computing Toolkit\CUDA\v8.0\include"  -G   --keep-dir Debug -maxrregcount=0  --machine 32 --compile -cudart static  -g   -DWIN32 -D_DEBUG -D_CONSOLE -D_MBCS -Xcompiler "/EHsc /W3 /nologo /Od /FS /Zi /RTC1 /MDd " -o Debug\kernel.cu.obj "c:\Users\Rita\documents\visual studio 2013\Projects\trzecie_trzy\trzecie_trzy\kernel.cu"
         
         c:\Users\Rita\documents\visual studio 2013\Projects\trzecie_trzy\trzecie_trzy>"C:\Program Files\NVIDIA GPU Computing Toolkit\CUDA\v8.0\bin\nvcc.exe" -gencode=arch=compute_20,code=\"sm_20,compute_20\" --use-local-env --cl-version 2013 -ccbin "C:\Program Files (x86)\Microsoft Visual Studio 12.0\VC\bin"  -I"C:\Program Files\NVIDIA GPU Computing Toolkit\CUDA\v8.0\include" -I"C:\Program Files\NVIDIA GPU Computing Toolkit\CUDA\v8.0\include"  -G   --keep-dir Debug -maxrregcount=0  --machine 32 --compile -cudart static  -g   -DWIN32 -D_DEBUG -D_CONSOLE -D_MBCS -Xcompiler "/EHsc /W3 /nologo /Od /FS /Zi /RTC1 /MDd " -o Debug\kernel.cu.obj "c:\Users\Rita\documents\visual studio 2013\Projects\trzecie_trzy\trzecie_trzy\kernel.cu" 
     1>c:/Users/Rita/documents/visual studio 2013/Projects/trzecie_trzy/trzecie_trzy/kernel.cu(24): warning : variable "temp_in" was declared but never referenced
     1>c:/Users/Rita/documents/visual studio 2013/Projects/trzecie_trzy/trzecie_trzy/kernel.cu(45): warning : variable "msg" was declared but never referenced
     1>c:/Users/Rita/documents/visual studio 2013/Projects/trzecie_trzy/trzecie_trzy/kernel.cu(24): warning : variable "temp_in" was declared but never referenced
     1>c:/Users/Rita/documents/visual studio 2013/Projects/trzecie_trzy/trzecie_trzy/kernel.cu(45): warning : variable "msg" was declared but never referenced
     1>CUDACOMPILE : nvcc warning : The 'compute_20', 'sm_20', and 'sm_21' architectures are deprecated, and may be removed in a future release (Use -Wno-deprecated-gpu-targets to suppress warning).
         kernel.cu
     1>c:/Users/Rita/documents/visual studio 2013/Projects/trzecie_trzy/trzecie_trzy/kernel.cu(45): warning C4101: 'msg' : unreferenced local variable
     1>Done Building Project "c:\Users\Rita\documents\visual studio 2013\Projects\trzecie_trzy\trzecie_trzy\trzecie_trzy.vcxproj" (CudaBuildCore target(s)).
     1>Link:
         C:\Program Files (x86)\Microsoft Visual Studio 12.0\VC\bin\link.exe /ERRORREPORT:PROMPT /OUT:"c:\users\rita\documents\visual studio 2013\Projects\trzecie_trzy\Debug\trzecie_trzy.exe" /INCREMENTAL /NOLOGO /LIBPATH:"C:\Program Files\NVIDIA GPU Computing Toolkit\CUDA\v8.0\lib\Win32" cudart.lib kernel32.lib user32.lib gdi32.lib winspool.lib comdlg32.lib advapi32.lib shell32.lib ole32.lib oleaut32.lib uuid.lib odbc32.lib odbccp32.lib kernel32.lib user32.lib gdi32.lib winspool.lib comdlg32.lib advapi32.lib shell32.lib ole32.lib oleaut32.lib uuid.lib odbc32.lib odbccp32.lib /MANIFEST /MANIFESTUAC:"level='asInvoker' uiAccess='false'" /manifest:embed /DEBUG /PDB:"c:\users\rita\documents\visual studio 2013\Projects\trzecie_trzy\Debug\trzecie_trzy.pdb" /SUBSYSTEM:CONSOLE /TLBID:1 /DYNAMICBASE /NXCOMPAT /IMPLIB:"c:\users\rita\documents\visual studio 2013\Projects\trzecie_trzy\Debug\trzecie_trzy.lib" /MACHINE:X86 Debug\kernel.cu.obj
         trzecie_trzy.vcxproj -> c:\users\rita\documents\visual studio 2013\Projects\trzecie_trzy\Debug\trzecie_trzy.exe
       PostBuildEvent:
         echo copy "C:\Program Files\NVIDIA GPU Computing Toolkit\CUDA\v8.0\bin\cudart*.dll" "c:\users\rita\documents\visual studio 2013\Projects\trzecie_trzy\Debug\"
         copy "C:\Program Files\NVIDIA GPU Computing Toolkit\CUDA\v8.0\bin\cudart*.dll" "c:\users\rita\documents\visual studio 2013\Projects\trzecie_trzy\Debug\"
         :VCEnd
         copy "C:\Program Files\NVIDIA GPU Computing Toolkit\CUDA\v8.0\bin\cudart*.dll" "c:\users\rita\documents\visual studio 2013\Projects\trzecie_trzy\Debug\"
         C:\Program Files\NVIDIA GPU Computing Toolkit\CUDA\v8.0\bin\cudart32_80.dll
         C:\Program Files\NVIDIA GPU Computing Toolkit\CUDA\v8.0\bin\cudart64_80.dll
                 2 file(s) copied.
     1>Done Building Project "c:\Users\Rita\documents\visual studio 2013\Projects\trzecie_trzy\trzecie_trzy\trzecie_trzy.vcxproj" (Build target(s)).

Build succeeded.

Time Elapsed 00:00:02.01
